Added Component: Designator=U3(QFN45P398X398X100_HS-29N)
Add component. Clean all parameters for all variants
Add component (AddParameter): Name = "name"; Value = "ATMEGA328P"; VariantName = "[No Variations]"
Added Pin To Net: NetName=INT Pin=U3-1
Added Pin To Net: NetName=NetD4_1 Pin=U3-2
Added Pin To Net: NetName=5V Pin=U3-3
Added Pin To Net: NetName=GND Pin=U3-4
Added Pin To Net: NetName=XTAL2 Pin=U3-5
Added Pin To Net: NetName=XTAL1 Pin=U3-6
Added Pin To Net: NetName=NetU3_11 Pin=U3-11
Added Pin To Net: NetName=NetU2_3 Pin=U3-12
Added Pin To Net: NetName=SCK Pin=U3-15
Added Pin To Net: NetName=5V Pin=U3-16
Added Pin To Net: NetName=5V Pin=U3-17
Added Pin To Net: NetName=GND Pin=U3-18
Added Pin To Net: NetName=PC0 Pin=U3-19
Added Pin To Net: NetName=ADC1 Pin=U3-20
Added Pin To Net: NetName=ADC2 Pin=U3-21
Added Pin To Net: NetName=ADC3 Pin=U3-22
Added Pin To Net: NetName=RST Pin=U3-25
Added Pin To Net: NetName=ATM_RX Pin=U3-26
Added Pin To Net: NetName=ATM_TX Pin=U3-27
Added Pin To Net: NetName=DIO0 Pin=U3-28
Added Pin To Net: NetName=GND Pin=U3-29
Added Member To Class: ClassName=pumpController Member=Component U3 ATMEGA328P
