Removed Pin From Net: NetName=7V Pin=JP2-2
Removed Pin From Net: NetName=7V Pin=JP3-2
Removed Pin From Net: NetName=7V Pin=JP4-2
Removed Pin From Net: NetName=GND Pin=JP5-2
Removed Pin From Net: NetName=7V Pin=JP6-2
Removed Pin From Net: NetName=7V Pin=JP7-2
Removed Pin From Net: NetName=7V Pin=JP8-2
Removed Pin From Net: NetName=GND Pin=JP9-2
Removed Member From Class: ClassName=pumpController Member=JP2
Removed Member From Class: ClassName=pumpController Member=JP3
Removed Member From Class: ClassName=pumpController Member=JP4
Removed Member From Class: ClassName=pumpController Member=JP5
Removed Member From Class: ClassName=pumpController Member=JP6
Removed Member From Class: ClassName=pumpController Member=JP7
Removed Member From Class: ClassName=pumpController Member=JP8
Removed Member From Class: ClassName=pumpController Member=JP9
Added Pin To Net: NetName=7V Pin=P1-3
Added Pin To Net: NetName=7V Pin=P1-4
Added Pin To Net: NetName=7V Pin=P1-5
Added Pin To Net: NetName=GND Pin=P1-6
Added Pin To Net: NetName=7V Pin=P3-3
Added Pin To Net: NetName=7V Pin=P3-4
Added Pin To Net: NetName=7V Pin=P3-5
Added Pin To Net: NetName=GND Pin=P3-6
